<?xml version="1.0" encoding="UTF-8"?>
<!-- Generated by org.testng.reporters.JUnitXMLReporter -->
<testsuite ignored="1" hostname="macbook.local" failures="1" tests="1" name="PracticeTest" time="5.709" errors="0" timestamp="28 Aug 2019 21:27:22 GMT">
  <testcase classname="com.automation.tests.PracticeTest" name="test_comboBoxSelection" time="2.957">
    <failure type="java.lang.AssertionError" message="expected [true] but found [false]">
      <![CDATA[java.lang.AssertionError: expected [true] but found [false]
	at com.automation.tests.PracticeTest.test_comboBoxSelection(PracticeTest.java:58)
... Removed 29 stack frames]]>
    </failure>
  </testcase> <!-- test_comboBoxSelection -->
  <testcase classname="com.automation.tests.PracticeTest" name="test_clickRadioButtons" time="0.0">
    <ignored/>
  </testcase> <!-- test_clickRadioButtons -->
</testsuite> <!-- PracticeTest -->
