<?xml version="1.0" encoding="UTF-8"?>
<!-- Generated by org.testng.reporters.JUnitXMLReporter -->
<testsuite hostname="juanhernandezs-macbookpro.roam.corp.google.com" name="My First test" tests="1" failures="1" timestamp="2 Jan 2019 22:06:45 GMT" time="0.015" errors="0">
  <testcase name="test" time="0.005" classname="com.automation.tests.Exercise1">
    <failure type="java.lang.NullPointerException">
      <![CDATA[java.lang.NullPointerException
	at com.automation.classes.SearchPage.flyingFromTextBox(SearchPage.java:18)
	at com.automation.classes.SearchPage.fillFlyingFromTextBox(SearchPage.java:29)
	at com.automation.tests.Exercise1.test(Exercise1.java:20)
... Removed 24 stack frames]]>
    </failure>
  </testcase> <!-- test -->
</testsuite> <!-- My First test -->
