<?xml version="1.0" encoding="UTF-8"?>
<!-- Generated by org.testng.reporters.JUnitXMLReporter -->
<testsuite ignored="0" hostname="macbook.local" failures="0" tests="4" name="Default test" time="0.055" errors="0" timestamp="27 Aug 2019 21:52:23 GMT">
  <testcase classname="com.automation.framework.utils.BaseTest" name="@BeforeSuite beforeSuite" time="0.0">
    <failure type="org.testng.TestNGException" message="
Parameter &amp;apos;browser&amp;apos; is required by BeforeSuite on method beforeSuite but has not been marked @Optional or defined
in /private/var/folders/mz/fbyqxgm57312_810yjwt21d00000gn/T/testng-eclipse-1421314155/testng-customsuite.xml">
      <![CDATA[org.testng.TestNGException: 
Parameter 'browser' is required by BeforeSuite on method beforeSuite but has not been marked @Optional or defined
in /private/var/folders/mz/fbyqxgm57312_810yjwt21d00000gn/T/testng-eclipse-1421314155/testng-customsuite.xml
	at org.testng.internal.Parameters.createParameters(Parameters.java:199)
	at org.testng.internal.Parameters.createParameters(Parameters.java:443)
	at org.testng.internal.Parameters.createConfigurationParameters(Parameters.java:118)
	at org.testng.internal.Invoker.invokeConfigurations(Invoker.java:203)
	at org.testng.internal.Invoker.invokeConfigurations(Invoker.java:144)
	at org.testng.SuiteRunner.privateRun(SuiteRunner.java:326)
	at org.testng.SuiteRunner.run(SuiteRunner.java:289)
	at org.testng.SuiteRunnerWorker.runSuite(SuiteRunnerWorker.java:52)
	at org.testng.SuiteRunnerWorker.run(SuiteRunnerWorker.java:86)
	at org.testng.TestNG.runSuitesSequentially(TestNG.java:1293)
	at org.testng.TestNG.runSuitesLocally(TestNG.java:1218)
	at org.testng.TestNG.runSuites(TestNG.java:1133)
	at org.testng.TestNG.run(TestNG.java:1104)
	at org.testng.remote.AbstractRemoteTestNG.run(AbstractRemoteTestNG.java:132)
	at org.testng.remote.RemoteTestNG.initAndRun(RemoteTestNG.java:230)
	at org.testng.remote.RemoteTestNG.main(RemoteTestNG.java:76)
]]>
    </failure>
  </testcase> <!-- @BeforeSuite beforeSuite -->
  <testcase classname="com.automation.tests.LoginTest" name="@BeforeTest setUp" time="0.0">
    <skipped/>
  </testcase> <!-- @BeforeTest setUp -->
  <testcase classname="com.automation.tests.LoginTest" name="test_Login_InvalidCredentials" time="0.006">
    <skipped/>
  </testcase> <!-- test_Login_InvalidCredentials -->
  <testcase classname="com.automation.tests.LoginTest" name="test_Login_InvalidCredentials" time="0.0">
    <skipped/>
  </testcase> <!-- test_Login_InvalidCredentials -->
  <testcase classname="com.automation.tests.LoginTest" name="test_Login_InvalidCredentials" time="0.0">
    <skipped/>
  </testcase> <!-- test_Login_InvalidCredentials -->
  <testcase classname="com.automation.tests.LoginTest" name="test_Login_ValidCredential" time="0.001">
    <skipped/>
  </testcase> <!-- test_Login_ValidCredential -->
</testsuite> <!-- Default test -->
