<?xml version="1.0" encoding="UTF-8"?>
<!-- Generated by org.testng.reporters.JUnitXMLReporter -->
<testsuite ignored="1" hostname="macbook.local" failures="0" tests="1" name="Default test" time="5.749" errors="0" timestamp="28 Aug 2019 18:29:54 GMT">
  <testcase classname="com.automation.tests.PracticeTest" name="test_clickRadioButtons" time="2.803"/>
  <testcase classname="com.automation.tests.PracticeTest" name="test_comboBoxSelection" time="0.0">
    <ignored/>
  </testcase> <!-- test_comboBoxSelection -->
</testsuite> <!-- Default test -->
