<?xml version="1.0" encoding="UTF-8"?>
<!-- Generated by org.testng.reporters.JUnitXMLReporter -->
<testsuite ignored="0" hostname="macbook.local" failures="0" tests="4" name="Login test" time="2.056" errors="0" timestamp="27 Aug 2019 21:59:29 GMT">
  <testcase classname="com.automation.tests.LoginTest" name="test_Login_InvalidCredentials" time="0.663"/>
  <testcase classname="com.automation.tests.LoginTest" name="test_Login_InvalidCredentials" time="0.478"/>
  <testcase classname="com.automation.tests.LoginTest" name="test_Login_InvalidCredentials" time="0.45"/>
  <testcase classname="com.automation.tests.LoginTest" name="test_Login_ValidCredential" time="0.444"/>
</testsuite> <!-- Login test -->
