<?xml version="1.0" encoding="UTF-8"?>
<testng-results skipped="0" failed="0" ignored="0" total="1" passed="1">
  <reporter-output>
  </reporter-output>
  <suite name="WizeLine - Exercise 1" duration-ms="890" started-at="2019-06-14T17:48:40Z" finished-at="2019-06-14T17:48:41Z">
    <groups>
    </groups>
    <test name="Login test" duration-ms="890" started-at="2019-06-14T17:48:40Z" finished-at="2019-06-14T17:48:41Z">
      <class name="com.automation.tests.LoginTest">
        <test-method status="PASS" signature="beforeSuite(java.lang.String)[pri:0, instance:com.automation.tests.LoginTest@5b275dab]" name="beforeSuite" is-config="true" duration-ms="4045" started-at="2019-06-14T12:48:36Z" finished-at="2019-06-14T12:48:40Z">
          <params>
            <param index="0">
              <value>
                <![CDATA[chrome]]>
              </value>
            </param>
          </params>
          <reporter-output>
          </reporter-output>
        </test-method> <!-- beforeSuite -->
        <test-method status="PASS" signature="testFlightSearch(java.lang.String, java.lang.String)[pri:0, instance:com.automation.tests.LoginTest@5b275dab]" name="testFlightSearch" duration-ms="840" started-at="2019-06-14T12:48:40Z" data-provider="create" finished-at="2019-06-14T12:48:41Z">
          <params>
            <param index="0">
              <value>
                <![CDATA[testuser@example.com]]>
              </value>
            </param>
            <param index="1">
              <value>
                <![CDATA[test123]]>
              </value>
            </param>
          </params>
          <reporter-output>
          </reporter-output>
        </test-method> <!-- testFlightSearch -->
        <test-method status="PASS" signature="afterSuite()[pri:0, instance:com.automation.tests.LoginTest@5b275dab]" name="afterSuite" is-config="true" duration-ms="125" started-at="2019-06-14T12:48:41Z" finished-at="2019-06-14T12:48:41Z">
          <reporter-output>
          </reporter-output>
        </test-method> <!-- afterSuite -->
      </class> <!-- com.automation.tests.LoginTest -->
    </test> <!-- Login test -->
  </suite> <!-- WizeLine - Exercise 1 -->
</testng-results>
