<?xml version="1.0" encoding="UTF-8"?>
<!-- Generated by org.testng.reporters.JUnitXMLReporter -->
<testsuite ignored="3" hostname="macbook.local" failures="0" tests="1" name="Sanity Check" time="4.271" errors="0" timestamp="28 Aug 2019 21:44:18 GMT">
  <testcase classname="com.automation.tests.LoginTest" name="test_Login_ValidCredential" time="1.689"/>
  <testcase classname="com.automation.tests.PracticeTest" name="test_comboBoxSelection" time="0.0">
    <ignored/>
  </testcase> <!-- test_comboBoxSelection -->
  <testcase classname="com.automation.tests.PracticeTest" name="test_clickRadioButtons" time="0.0">
    <ignored/>
  </testcase> <!-- test_clickRadioButtons -->
  <testcase classname="com.automation.tests.LoginTest" name="test_Login_InvalidCredentials" time="0.0">
    <ignored/>
  </testcase> <!-- test_Login_InvalidCredentials -->
</testsuite> <!-- Sanity Check -->
